<?xml version="1.0" encoding="UTF-8"?>
<!-- Generated by org.testng.reporters.JUnitReportReporter -->
<testsuite hostname="PSL-GGVWX93" failures="0" tests="1" name="tests.orangehrm.DashboardTest" time="45.186" errors="0" timestamp="2023-10-18T14:46:04 IST" skipped="0">
  <testcase classname="tests.orangehrm.DashboardTest" name="verifyAddEmplyeeInPim" time="45.186">
    <system-out>
      <![CDATA[url: true]]>
    </system-out>
  </testcase> <!-- verifyAddEmplyeeInPim -->
  <system-out>
    <![CDATA[Launched chrome browser
Environment : https://opensource-demo.orangehrmlive.com/web/index.php/auth/login
url: true]]>
  </system-out>
</testsuite> <!-- tests.orangehrm.DashboardTest -->
